0 info it worked if it ends with ok
1 verbose cli [ '/Users/dave/.nvm/versions/node/v4.2.4/bin/node',
1 verbose cli   '/Users/dave/.nvm/versions/node/v4.2.4/bin/npm',
1 verbose cli   'info',
1 verbose cli   'transfob' ]
2 info using npm@2.14.12
3 info using node@v4.2.4
4 silly mapToRegistry name transfob
5 silly mapToRegistry using default registry
6 silly mapToRegistry registry https://registry.npmjs.org/
7 silly mapToRegistry uri https://registry.npmjs.org/transfob
8 verbose request uri https://registry.npmjs.org/transfob
9 verbose request no auth needed
10 info attempt registry request try #1 at 4:45:29 PM
11 verbose request id 2684b4cbcc42cdd3
12 http request GET https://registry.npmjs.org/transfob
13 http 404 https://registry.npmjs.org/transfob
14 verbose headers { 'content-type': 'application/json',
14 verbose headers   'cache-control': 'max-age=0',
14 verbose headers   'content-length': '2',
14 verbose headers   'accept-ranges': 'bytes',
14 verbose headers   date: 'Thu, 07 Apr 2016 20:45:29 GMT',
14 verbose headers   via: '1.1 varnish',
14 verbose headers   age: '0',
14 verbose headers   connection: 'keep-alive',
14 verbose headers   'x-served-by': 'cache-atl6242-ATL',
14 verbose headers   'x-cache': 'MISS',
14 verbose headers   'x-cache-hits': '0',
14 verbose headers   'x-timer': 'S1460061929.323079,VS0,VE332',
14 verbose headers   vary: 'Accept-Encoding' }
15 silly get cb [ 404,
15 silly get   { 'content-type': 'application/json',
15 silly get     'cache-control': 'max-age=0',
15 silly get     'content-length': '2',
15 silly get     'accept-ranges': 'bytes',
15 silly get     date: 'Thu, 07 Apr 2016 20:45:29 GMT',
15 silly get     via: '1.1 varnish',
15 silly get     age: '0',
15 silly get     connection: 'keep-alive',
15 silly get     'x-served-by': 'cache-atl6242-ATL',
15 silly get     'x-cache': 'MISS',
15 silly get     'x-cache-hits': '0',
15 silly get     'x-timer': 'S1460061929.323079,VS0,VE332',
15 silly get     vary: 'Accept-Encoding' } ]
16 verbose stack Error: Registry returned 404 for GET on https://registry.npmjs.org/transfob
16 verbose stack     at makeError (/Users/dave/.nvm/versions/node/v4.2.4/lib/node_modules/npm/node_modules/npm-registry-client/lib/request.js:264:12)
16 verbose stack     at CachingRegistryClient.<anonymous> (/Users/dave/.nvm/versions/node/v4.2.4/lib/node_modules/npm/node_modules/npm-registry-client/lib/request.js:242:14)
16 verbose stack     at Request._callback (/Users/dave/.nvm/versions/node/v4.2.4/lib/node_modules/npm/node_modules/npm-registry-client/lib/request.js:172:14)
16 verbose stack     at Request.self.callback (/Users/dave/.nvm/versions/node/v4.2.4/lib/node_modules/npm/node_modules/request/request.js:198:22)
16 verbose stack     at emitTwo (events.js:87:13)
16 verbose stack     at Request.emit (events.js:172:7)
16 verbose stack     at Request.<anonymous> (/Users/dave/.nvm/versions/node/v4.2.4/lib/node_modules/npm/node_modules/request/request.js:1082:10)
16 verbose stack     at emitOne (events.js:82:20)
16 verbose stack     at Request.emit (events.js:169:7)
16 verbose stack     at IncomingMessage.<anonymous> (/Users/dave/.nvm/versions/node/v4.2.4/lib/node_modules/npm/node_modules/request/request.js:1009:12)
17 verbose statusCode 404
18 verbose pkgid transfob
19 verbose cwd /Users/dave/projects/isotope-docs
20 error Darwin 15.3.0
21 error argv "/Users/dave/.nvm/versions/node/v4.2.4/bin/node" "/Users/dave/.nvm/versions/node/v4.2.4/bin/npm" "info" "transfob"
22 error node v4.2.4
23 error npm  v2.14.12
24 error code E404
25 error 404 Registry returned 404 for GET on https://registry.npmjs.org/transfob
25 error 404
25 error 404 'transfob' is not in the npm registry.
25 error 404 You should bug the author to publish it (or use the name yourself!)
25 error 404
25 error 404 Note that you can also install from a
25 error 404 tarball, folder, http url, or git url.
26 verbose exit [ 1, true ]
